/vol/synopsys/fpga/O-2018.09-SP1/bin/m_altera  -prodtype  synplify_premier  -encrypt  -pro  -rundir  /home/ted4152/Winter24/FPGA/387Final/implmentation/jack-commits/rev_1   -part EP4CE6EA22-7    -maxfan 30 -verification_mode 0 -infer_seqShift -pipe -fixgatedclocks 1 -fixgeneratedclocks 1 -syn_altera_model on -mif_files_dirs " " -synthesis_strategy advanced -continue_on_error -validate_mif_files -reporting_ctd 0 -RWCheckOnRam 1 -summaryfile /home/ted4152/Winter24/FPGA/387Final/implmentation/jack-commits/rev_1/synlog/report/IQRead_fpga_mapper.xml -merge_inferred_clocks 0  -map  -licensetype  synplifypremierdp  -flow mapping  -mp  4  -prjfile  /home/ted4152/Winter24/FPGA/387Final/implmentation/jack-commits/rev_1/scratchproject.prs  -implementation  rev_1  -multisrs  -vqm41  -ovqm  /home/ted4152/Winter24/FPGA/387Final/implmentation/jack-commits/rev_1/IQRead.vqm   -autoconstraint  -freq 1.000   /home/ted4152/Winter24/FPGA/387Final/implmentation/jack-commits/rev_1/synwork/IQRead_prem.srd  -sap  /home/ted4152/Winter24/FPGA/387Final/implmentation/jack-commits/rev_1/IQRead.sap  -otap  /home/ted4152/Winter24/FPGA/387Final/implmentation/jack-commits/rev_1/IQRead.tap  -omap  /home/ted4152/Winter24/FPGA/387Final/implmentation/jack-commits/rev_1/IQRead.map  -devicelib  /vol/synopsys/fpga/O-2018.09-SP1/lib/altera/altera.v  -devicelib  /vol/synopsys/fpga/O-2018.09-SP1/lib/altera/quartus_prime181/cycloneive.v  -devicelib  /vol/synopsys/fpga/O-2018.09-SP1/lib/altera/quartus_prime181/altera_mf.v  -devicelib  /vol/synopsys/fpga/O-2018.09-SP1/lib/altera/quartus_prime181/altera_lpm.v  -devicelib  /vol/synopsys/fpga/O-2018.09-SP1/lib/altera/quartus_prime181/altera_primitives.v  -sap  /home/ted4152/Winter24/FPGA/387Final/implmentation/jack-commits/rev_1/IQRead.sap  -ologparam  /home/ted4152/Winter24/FPGA/387Final/implmentation/jack-commits/rev_1/syntmp/IQRead.plg  -osyn  /home/ted4152/Winter24/FPGA/387Final/implmentation/jack-commits/rev_1/IQRead.srm  -prjdir  /home/ted4152/Winter24/FPGA/387Final/implmentation/jack-commits/  -prjname  IQRead  -log  /home/ted4152/Winter24/FPGA/387Final/implmentation/jack-commits/rev_1/synlog/IQRead_fpga_mapper.srr  -sn  2018.09  -jobname  "fpga_mapper" 
relcom:/vol/synopsys/fpga/O-2018.09-SP1/bin/m_altera -prodtype synplify_premier -encrypt -pro -rundir ../../rev_1 -part EP4CE6EA22-7 -maxfan 30 -verification_mode 0 -infer_seqShift -pipe -fixgatedclocks 1 -fixgeneratedclocks 1 -syn_altera_model on -mif_files_dirs " " -synthesis_strategy advanced -continue_on_error -validate_mif_files -reporting_ctd 0 -RWCheckOnRam 1 -summaryfile ../synlog/report/IQRead_fpga_mapper.xml -merge_inferred_clocks 0 -map -licensetype synplifypremierdp -flow mapping -mp 4 -prjfile ../scratchproject.prs -implementation rev_1 -multisrs -vqm41 -ovqm ../IQRead.vqm -autoconstraint -freq 1.000 ../synwork/IQRead_prem.srd -sap ../IQRead.sap -otap ../IQRead.tap -omap ../IQRead.map -devicelib /vol/synopsys/fpga/O-2018.09-SP1/lib/altera/altera.v -devicelib /vol/synopsys/fpga/O-2018.09-SP1/lib/altera/quartus_prime181/cycloneive.v -devicelib /vol/synopsys/fpga/O-2018.09-SP1/lib/altera/quartus_prime181/altera_mf.v -devicelib /vol/synopsys/fpga/O-2018.09-SP1/lib/altera/quartus_prime181/altera_lpm.v -devicelib /vol/synopsys/fpga/O-2018.09-SP1/lib/altera/quartus_prime181/altera_primitives.v -sap ../IQRead.sap -ologparam IQRead.plg -osyn ../IQRead.srm -prjdir ../../ -prjname IQRead -log ../synlog/IQRead_fpga_mapper.srr -sn 2018.09 -jobname "fpga_mapper"
rc:1 success:1 runtime:1
file:../scratchproject.prs|io:o|time:1709741470|size:1875|exec:0|csum:
file:../IQRead.vqm|io:o|time:1709741601|size:64491|exec:0|csum:
file:../synwork/IQRead_prem.srd|io:i|time:1709741599|size:3533|exec:0|csum:BA521E11D3F8A801CFC0A0A740511AEE
file:../IQRead.sap|io:o|time:1709741599|size:385|exec:0|csum:
file:../IQRead.tap|io:o|time:0|size:-1|exec:0|csum:
file:../IQRead.map|io:o|time:1709741601|size:27|exec:0|csum:
file:/vol/synopsys/fpga/O-2018.09-SP1/lib/altera/altera.v|io:i|time:1543381811|size:761|exec:0|csum:530DBF8BEE396EFE8B33F0255371F1EA
file:/vol/synopsys/fpga/O-2018.09-SP1/lib/altera/quartus_prime181/cycloneive.v|io:i|time:1543381840|size:248626|exec:0|csum:B7FC851277DB49C2CA5F418047EB2E4F
file:/vol/synopsys/fpga/O-2018.09-SP1/lib/altera/quartus_prime181/altera_mf.v|io:i|time:1543381839|size:2618882|exec:0|csum:84794777C52804010B1D63698E285DB9
file:/vol/synopsys/fpga/O-2018.09-SP1/lib/altera/quartus_prime181/altera_lpm.v|io:i|time:1543381839|size:14867|exec:0|csum:01D82E1D5975CD832C9D765243E5182D
file:/vol/synopsys/fpga/O-2018.09-SP1/lib/altera/quartus_prime181/altera_primitives.v|io:i|time:1543381839|size:35286|exec:0|csum:C0AAD8CA21730C472D624582C058B929
file:../IQRead.sap|io:o|time:1709741599|size:385|exec:0|csum:
file:IQRead.plg|io:o|time:1709741601|size:484|exec:0|csum:
file:../IQRead.srm|io:o|time:1709741601|size:24508|exec:0|csum:
file:../synlog/IQRead_fpga_mapper.srr|io:o|time:1709741601|size:25654|exec:0|csum:
file:/vol/synopsys/fpga/O-2018.09-SP1/linux_a_64/m_altera|io:i|time:1543382473|size:31613712|exec:1|csum:5FBEB6EEDF3364EAF4B7F14711D19D39
file:/vol/synopsys/fpga/O-2018.09-SP1/bin/m_altera|io:i|time:1543381999|size:347|exec:1|csum:04851DFC0CBB288ED81DA3E420127D0D
