
Copyright (C) 1994-2018 Synopsys, Inc.
This Synopsys software and all associated documentation are proprietary to Synopsys, Inc.
and may only be used pursuant to the terms and conditions of a written license agreement
with Synopsys, Inc. All other use, reproduction, modification, or distribution of the
Synopsys software or the associated documentation is strictly prohibited.
Tool: Synplify (R) Premier
Build: O-2018.09-SP1
Install: /vol/synopsys/fpga/O-2018.09-SP1
OS: Red Hat Enterprise Linux 8.9 (Ootpa)
Hostname: joker.ece.northwestern.edu
max virtual memory: unlimited (bytes)
max user processes: 126575
max stack size: 8388608 (bytes)


Implementation : rev_1

# Written on Wed Mar  6 10:13:19 2024

##### DESIGN INFO #######################################################

Top View:                "iq_read"
Constraint File(s):      (none)




##### SUMMARY ############################################################

Found 0 issues in 0 out of 0 constraints


##### DETAILS ############################################################



Clock Relationships
*******************

Starting          Ending            |     rise to rise     |     fall to fall     |     rise to fall     |     fall to rise                     
-----------------------------------------------------------------------------------------------------------------------------------------------
System            iq_read|clock     |     0.665            |     No paths         |     No paths         |     No paths                         
iq_read|clock     iq_read|clock     |     0.665            |     No paths         |     No paths         |     No paths                         
===============================================================================================================================================
 Note: 'No paths' indicates there are no paths in the design for that pair of clock edges.
       'Diff grp' indicates that paths exist but the starting clock and ending clock are in different clock groups.


Unconstrained Start/End Points
******************************

p:dataAvailible
p:i_data_out[0]
p:i_data_out[1]
p:i_data_out[2]
p:i_data_out[3]
p:i_data_out[4]
p:i_data_out[5]
p:i_data_out[6]
p:i_data_out[7]
p:i_data_out[8]
p:i_data_out[9]
p:i_data_out[10]
p:i_data_out[11]
p:i_data_out[12]
p:i_data_out[13]
p:i_data_out[14]
p:i_data_out[15]
p:i_data_out[16]
p:i_data_out[17]
p:i_data_out[18]
p:i_data_out[19]
p:i_data_out[20]
p:i_data_out[21]
p:i_data_out[22]
p:i_data_out[23]
p:i_data_out[24]
p:i_data_out[25]
p:i_data_out[26]
p:i_data_out[27]
p:i_data_out[28]
p:i_data_out[29]
p:i_data_out[30]
p:i_data_out[31]
p:in_rd_en
p:iq_data_in[0]
p:iq_data_in[1]
p:iq_data_in[2]
p:iq_data_in[3]
p:iq_data_in[4]
p:iq_data_in[5]
p:iq_data_in[6]
p:iq_data_in[7]
p:iq_data_in[8]
p:iq_data_in[9]
p:iq_data_in[10]
p:iq_data_in[11]
p:iq_data_in[12]
p:iq_data_in[13]
p:iq_data_in[14]
p:iq_data_in[15]
p:iq_data_in[16]
p:iq_data_in[17]
p:iq_data_in[18]
p:iq_data_in[19]
p:iq_data_in[20]
p:iq_data_in[21]
p:iq_data_in[22]
p:iq_data_in[23]
p:iq_data_in[24]
p:iq_data_in[25]
p:iq_data_in[26]
p:iq_data_in[27]
p:iq_data_in[28]
p:iq_data_in[29]
p:iq_data_in[30]
p:iq_data_in[31]
p:out_rd_en
p:outputAvailible
p:q_data_out[0]
p:q_data_out[1]
p:q_data_out[2]
p:q_data_out[3]
p:q_data_out[4]
p:q_data_out[5]
p:q_data_out[6]
p:q_data_out[7]
p:q_data_out[8]
p:q_data_out[9]
p:q_data_out[10]
p:q_data_out[11]
p:q_data_out[12]
p:q_data_out[13]
p:q_data_out[14]
p:q_data_out[15]
p:q_data_out[16]
p:q_data_out[17]
p:q_data_out[18]
p:q_data_out[19]
p:q_data_out[20]
p:q_data_out[21]
p:q_data_out[22]
p:q_data_out[23]
p:q_data_out[24]
p:q_data_out[25]
p:q_data_out[26]
p:q_data_out[27]
p:q_data_out[28]
p:q_data_out[29]
p:q_data_out[30]
p:q_data_out[31]
p:reset


Inapplicable constraints
************************

(none)


Applicable constraints with issues
**********************************

(none)


Constraints with matching wildcard expressions
**********************************************

(none)


Library Report
**************


# End of Constraint Checker Report
